0 info it worked if it ends with ok
1 verbose cli [ 'node', '/usr/bin/npm', 'start' ]
2 info using npm@2.13.4
3 info using node@v0.10.37
4 verbose node symlink /usr/bin/node
5 verbose run-script [ 'prestart', 'start', 'poststart' ]
6 info prestart gulp-template@1.0.0
7 info start gulp-template@1.0.0
8 verbose unsafe-perm in lifecycle true
9 info gulp-template@1.0.0 Failed to exec start script
10 verbose stack Error: gulp-template@1.0.0 start: `rm -rf public && gulp`
10 verbose stack Exit status 1
10 verbose stack     at EventEmitter.<anonymous> (/usr/lib/node_modules/npm/lib/utils/lifecycle.js:214:16)
10 verbose stack     at EventEmitter.emit (events.js:98:17)
10 verbose stack     at ChildProcess.<anonymous> (/usr/lib/node_modules/npm/lib/utils/spawn.js:24:14)
10 verbose stack     at ChildProcess.emit (events.js:98:17)
10 verbose stack     at maybeClose (child_process.js:766:16)
10 verbose stack     at Process.ChildProcess._handle.onexit (child_process.js:833:5)
11 verbose pkgid gulp-template@1.0.0
12 verbose cwd /home/siobhan/git/personal/BIC/BICCW2/BIC
13 error Linux 3.13.0-66-generic
14 error argv "node" "/usr/bin/npm" "start"
15 error node v0.10.37
16 error npm  v2.13.4
17 error code ELIFECYCLE
18 error gulp-template@1.0.0 start: `rm -rf public && gulp`
18 error Exit status 1
19 error Failed at the gulp-template@1.0.0 start script 'rm -rf public && gulp'.
19 error This is most likely a problem with the gulp-template package,
19 error not with npm itself.
19 error Tell the author that this fails on your system:
19 error     rm -rf public && gulp
19 error You can get their info via:
19 error     npm owner ls gulp-template
19 error There is likely additional logging output above.
20 verbose exit [ 1, true ]
